2026-03-16 13:54:38,334 INFO o.a.j.u.JMeterUtils: Setting Locale to en_EN
2026-03-16 13:54:38,352 INFO o.a.j.JMeter: Loading user properties from: /home/bohye/apache-jmeter-5.6.3/bin/user.properties
2026-03-16 13:54:38,352 INFO o.a.j.JMeter: Loading system properties from: /home/bohye/apache-jmeter-5.6.3/bin/system.properties
2026-03-16 13:54:38,358 INFO o.a.j.JMeter: Copyright (c) 1998-2024 The Apache Software Foundation
2026-03-16 13:54:38,358 INFO o.a.j.JMeter: Version 5.6.3
2026-03-16 13:54:38,358 INFO o.a.j.JMeter: java.version=11.0.25
2026-03-16 13:54:38,358 INFO o.a.j.JMeter: java.vm.name=OpenJDK 64-Bit Server VM
2026-03-16 13:54:38,358 INFO o.a.j.JMeter: os.name=Linux
2026-03-16 13:54:38,358 INFO o.a.j.JMeter: os.arch=amd64
2026-03-16 13:54:38,358 INFO o.a.j.JMeter: os.version=5.14.0-611.5.1.el9_7.x86_64
2026-03-16 13:54:38,358 INFO o.a.j.JMeter: file.encoding=UTF-8
2026-03-16 13:54:38,358 INFO o.a.j.JMeter: java.awt.headless=true
2026-03-16 13:54:38,358 INFO o.a.j.JMeter: Max memory     =1073741824
2026-03-16 13:54:38,359 INFO o.a.j.JMeter: Available Processors =2
2026-03-16 13:54:38,364 INFO o.a.j.JMeter: Default Locale=English (EN)
2026-03-16 13:54:38,365 INFO o.a.j.JMeter: JMeter  Locale=English (EN)
2026-03-16 13:54:38,365 INFO o.a.j.JMeter: JMeterHome=/home/bohye/apache-jmeter-5.6.3
2026-03-16 13:54:38,365 INFO o.a.j.JMeter: user.dir  =/home/bohye/ticketing-project/kong
2026-03-16 13:54:38,365 INFO o.a.j.JMeter: PWD       =/home/bohye/ticketing-project/kong
2026-03-16 13:54:38,365 INFO o.a.j.JMeter: IP: 127.0.0.1 Name: localhost.localdomain FullName: localhost
2026-03-16 13:54:38,376 INFO o.a.j.s.FileServer: Default base='/home/bohye/ticketing-project/kong'
2026-03-16 13:54:38,377 INFO o.a.j.s.FileServer: Set new base='/home/bohye'
2026-03-16 13:54:38,593 INFO o.a.j.s.SaveService: Testplan (JMX) version: 2.2. Testlog (JTL) version: 2.2
2026-03-16 13:54:38,622 INFO o.a.j.s.SaveService: Using SaveService properties version 5.0
2026-03-16 13:54:38,625 INFO o.a.j.s.SaveService: Using SaveService properties file encoding UTF-8
2026-03-16 13:54:38,631 INFO o.a.j.s.SaveService: Loading file: /home/bohye/real_queue_test.jmx
2026-03-16 13:54:38,694 INFO o.a.j.p.h.s.HTTPSamplerBase: Parser for text/html is org.apache.jmeter.protocol.http.parser.LagartoBasedHtmlParser
2026-03-16 13:54:38,695 INFO o.a.j.p.h.s.HTTPSamplerBase: Parser for application/xhtml+xml is org.apache.jmeter.protocol.http.parser.LagartoBasedHtmlParser
2026-03-16 13:54:38,695 INFO o.a.j.p.h.s.HTTPSamplerBase: Parser for application/xml is org.apache.jmeter.protocol.http.parser.LagartoBasedHtmlParser
2026-03-16 13:54:38,695 INFO o.a.j.p.h.s.HTTPSamplerBase: Parser for text/xml is org.apache.jmeter.protocol.http.parser.LagartoBasedHtmlParser
2026-03-16 13:54:38,695 INFO o.a.j.p.h.s.HTTPSamplerBase: Parser for text/vnd.wap.wml is org.apache.jmeter.protocol.http.parser.RegexpHTMLParser
2026-03-16 13:54:38,695 INFO o.a.j.p.h.s.HTTPSamplerBase: Parser for text/css is org.apache.jmeter.protocol.http.parser.CssParser
2026-03-16 13:54:38,713 INFO o.a.j.JMeter: Creating summariser <summary>
2026-03-16 13:54:38,738 INFO o.a.j.e.StandardJMeterEngine: Running the test!
2026-03-16 13:54:38,739 INFO o.a.j.s.SampleEvent: List of sample_variables: []
2026-03-16 13:54:38,740 INFO o.a.j.s.SampleEvent: List of sample_variables: []
2026-03-16 13:54:38,763 INFO o.a.j.e.u.CompoundVariable: Note: Function class names must contain the string: '.functions.'
2026-03-16 13:54:38,764 INFO o.a.j.e.u.CompoundVariable: Note: Function class names must not contain the string: '.gui.'
2026-03-16 13:54:39,183 INFO o.a.j.JMeter: Running test (1773636879183)
2026-03-16 13:54:39,208 INFO o.a.j.e.StandardJMeterEngine: Starting ThreadGroup: 1 : Users
2026-03-16 13:54:39,208 INFO o.a.j.e.StandardJMeterEngine: Starting 100 threads for group Users.
2026-03-16 13:54:39,209 INFO o.a.j.e.StandardJMeterEngine: Thread will continue on error
2026-03-16 13:54:39,209 INFO o.a.j.t.ThreadGroup: Starting thread group... number=1 threads=100 ramp-up=10 delayedStart=false
2026-03-16 13:54:39,241 INFO o.a.j.t.JMeterThread: Thread started: Users 1-1
2026-03-16 13:54:39,291 INFO o.a.j.p.h.s.HTTPHCAbstractImpl: Local host = localhost.localdomain
2026-03-16 13:54:39,300 INFO o.a.j.p.h.s.HTTPHC4Impl: HTTP request retry count = 0
2026-03-16 13:54:39,302 INFO o.a.j.s.SampleResult: Note: Sample TimeStamps are START times
2026-03-16 13:54:39,302 INFO o.a.j.s.SampleResult: sampleresult.default.encoding is set to UTF-8
2026-03-16 13:54:39,302 INFO o.a.j.s.SampleResult: sampleresult.useNanoTime=true
2026-03-16 13:54:39,302 INFO o.a.j.s.SampleResult: sampleresult.nanoThreadSleep=5000
2026-03-16 13:54:39,349 INFO o.a.j.t.JMeterThread: Thread started: Users 1-2
2026-03-16 13:54:39,420 INFO o.a.j.t.ThreadGroup: Started thread group number 1
2026-03-16 13:54:39,420 INFO o.a.j.e.StandardJMeterEngine: All thread groups have been started
2026-03-16 13:54:39,444 INFO o.a.j.t.JMeterThread: Thread started: Users 1-3
2026-03-16 13:54:39,544 INFO o.a.j.t.JMeterThread: Thread started: Users 1-4
2026-03-16 13:54:39,639 INFO o.a.j.t.JMeterThread: Thread started: Users 1-5
2026-03-16 13:54:39,738 INFO o.a.j.t.JMeterThread: Thread started: Users 1-6
2026-03-16 13:54:39,834 INFO o.a.j.t.JMeterThread: Thread started: Users 1-7
2026-03-16 13:54:39,933 INFO o.a.j.t.JMeterThread: Thread started: Users 1-8
2026-03-16 13:54:40,040 INFO o.a.j.t.JMeterThread: Thread started: Users 1-9
2026-03-16 13:54:40,130 INFO o.a.j.t.JMeterThread: Thread started: Users 1-10
2026-03-16 13:54:40,220 INFO o.a.j.t.JMeterThread: Thread started: Users 1-11
2026-03-16 13:54:40,323 INFO o.a.j.t.JMeterThread: Thread started: Users 1-12
2026-03-16 13:54:40,427 INFO o.a.j.t.JMeterThread: Thread started: Users 1-13
2026-03-16 13:54:40,528 INFO o.a.j.t.JMeterThread: Thread started: Users 1-14
2026-03-16 13:54:40,625 INFO o.a.j.t.JMeterThread: Thread started: Users 1-15
2026-03-16 13:54:40,713 INFO o.a.j.t.JMeterThread: Thread started: Users 1-16
2026-03-16 13:54:40,816 INFO o.a.j.t.JMeterThread: Thread started: Users 1-17
2026-03-16 13:54:40,916 INFO o.a.j.t.JMeterThread: Thread started: Users 1-18
2026-03-16 13:54:41,020 INFO o.a.j.t.JMeterThread: Thread started: Users 1-19
2026-03-16 13:54:41,123 INFO o.a.j.t.JMeterThread: Thread started: Users 1-20
2026-03-16 13:54:41,217 INFO o.a.j.t.JMeterThread: Thread started: Users 1-21
2026-03-16 13:54:41,314 INFO o.a.j.t.JMeterThread: Thread started: Users 1-22
2026-03-16 13:54:41,412 INFO o.a.j.t.JMeterThread: Thread started: Users 1-23
2026-03-16 13:54:41,510 INFO o.a.j.t.JMeterThread: Thread started: Users 1-24
2026-03-16 13:54:41,614 INFO o.a.j.t.JMeterThread: Thread started: Users 1-25
2026-03-16 13:54:41,715 INFO o.a.j.t.JMeterThread: Thread started: Users 1-26
2026-03-16 13:54:41,812 INFO o.a.j.t.JMeterThread: Thread started: Users 1-27
2026-03-16 13:54:41,910 INFO o.a.j.t.JMeterThread: Thread started: Users 1-28
2026-03-16 13:54:42,011 INFO o.a.j.t.JMeterThread: Thread started: Users 1-29
2026-03-16 13:54:42,111 INFO o.a.j.t.JMeterThread: Thread started: Users 1-30
2026-03-16 13:54:42,211 INFO o.a.j.t.JMeterThread: Thread started: Users 1-31
2026-03-16 13:54:42,311 INFO o.a.j.t.JMeterThread: Thread started: Users 1-32
2026-03-16 13:54:42,413 INFO o.a.j.t.JMeterThread: Thread started: Users 1-33
2026-03-16 13:54:42,509 INFO o.a.j.t.JMeterThread: Thread started: Users 1-34
2026-03-16 13:54:42,610 INFO o.a.j.t.JMeterThread: Thread started: Users 1-35
2026-03-16 13:54:42,711 INFO o.a.j.t.JMeterThread: Thread started: Users 1-36
2026-03-16 13:54:42,811 INFO o.a.j.t.JMeterThread: Thread started: Users 1-37
2026-03-16 13:54:42,913 INFO o.a.j.t.JMeterThread: Thread started: Users 1-38
2026-03-16 13:54:43,012 INFO o.a.j.t.JMeterThread: Thread started: Users 1-39
2026-03-16 13:54:43,112 INFO o.a.j.t.JMeterThread: Thread started: Users 1-40
2026-03-16 13:54:43,211 INFO o.a.j.t.JMeterThread: Thread started: Users 1-41
2026-03-16 13:54:43,311 INFO o.a.j.t.JMeterThread: Thread started: Users 1-42
2026-03-16 13:54:43,411 INFO o.a.j.t.JMeterThread: Thread started: Users 1-43
2026-03-16 13:54:43,510 INFO o.a.j.t.JMeterThread: Thread started: Users 1-44
2026-03-16 13:54:43,615 INFO o.a.j.t.JMeterThread: Thread started: Users 1-45
2026-03-16 13:54:43,732 INFO o.a.j.t.JMeterThread: Thread started: Users 1-46
2026-03-16 13:54:43,824 INFO o.a.j.t.JMeterThread: Thread started: Users 1-47
2026-03-16 13:54:43,917 INFO o.a.j.t.JMeterThread: Thread started: Users 1-48
2026-03-16 13:54:44,014 INFO o.a.j.t.JMeterThread: Thread started: Users 1-49
2026-03-16 13:54:44,112 INFO o.a.j.t.JMeterThread: Thread started: Users 1-50
2026-03-16 13:54:44,211 INFO o.a.j.t.JMeterThread: Thread started: Users 1-51
2026-03-16 13:54:44,312 INFO o.a.j.t.JMeterThread: Thread started: Users 1-52
2026-03-16 13:54:44,411 INFO o.a.j.t.JMeterThread: Thread started: Users 1-53
2026-03-16 13:54:44,526 INFO o.a.j.t.JMeterThread: Thread started: Users 1-54
2026-03-16 13:54:44,617 INFO o.a.j.t.JMeterThread: Thread started: Users 1-55
2026-03-16 13:54:44,718 INFO o.a.j.t.JMeterThread: Thread started: Users 1-56
2026-03-16 13:54:44,817 INFO o.a.j.t.JMeterThread: Thread started: Users 1-57
2026-03-16 13:54:44,933 INFO o.a.j.t.JMeterThread: Thread started: Users 1-58
2026-03-16 13:54:45,016 INFO o.a.j.t.JMeterThread: Thread started: Users 1-59
2026-03-16 13:54:45,118 INFO o.a.j.t.JMeterThread: Thread started: Users 1-60
2026-03-16 13:54:45,258 INFO o.a.j.t.JMeterThread: Thread started: Users 1-61
2026-03-16 13:54:45,320 INFO o.a.j.t.JMeterThread: Thread started: Users 1-62
2026-03-16 13:54:45,415 INFO o.a.j.t.JMeterThread: Thread started: Users 1-63
2026-03-16 13:54:45,515 INFO o.a.j.t.JMeterThread: Thread started: Users 1-64
2026-03-16 13:54:45,619 INFO o.a.j.t.JMeterThread: Thread started: Users 1-65
2026-03-16 13:54:45,738 INFO o.a.j.t.JMeterThread: Thread started: Users 1-66
2026-03-16 13:54:45,815 INFO o.a.j.t.JMeterThread: Thread started: Users 1-67
2026-03-16 13:54:45,913 INFO o.a.j.t.JMeterThread: Thread started: Users 1-68
2026-03-16 13:54:46,010 INFO o.a.j.t.JMeterThread: Thread started: Users 1-69
2026-03-16 13:54:46,110 INFO o.a.j.t.JMeterThread: Thread started: Users 1-70
2026-03-16 13:54:46,210 INFO o.a.j.t.JMeterThread: Thread started: Users 1-71
2026-03-16 13:54:46,312 INFO o.a.j.t.JMeterThread: Thread started: Users 1-72
2026-03-16 13:54:46,412 INFO o.a.j.t.JMeterThread: Thread started: Users 1-73
2026-03-16 13:54:46,510 INFO o.a.j.t.JMeterThread: Thread started: Users 1-74
2026-03-16 13:54:46,618 INFO o.a.j.t.JMeterThread: Thread started: Users 1-75
2026-03-16 13:54:46,711 INFO o.a.j.t.JMeterThread: Thread started: Users 1-76
2026-03-16 13:54:46,812 INFO o.a.j.t.JMeterThread: Thread started: Users 1-77
2026-03-16 13:54:46,910 INFO o.a.j.t.JMeterThread: Thread started: Users 1-78
2026-03-16 13:54:47,009 INFO o.a.j.t.JMeterThread: Thread started: Users 1-79
2026-03-16 13:54:47,121 INFO o.a.j.t.JMeterThread: Thread started: Users 1-80
2026-03-16 13:54:47,220 INFO o.a.j.t.JMeterThread: Thread started: Users 1-81
2026-03-16 13:54:47,320 INFO o.a.j.t.JMeterThread: Thread started: Users 1-82
2026-03-16 13:54:47,429 INFO o.a.j.t.JMeterThread: Thread started: Users 1-83
2026-03-16 13:54:47,518 INFO o.a.j.t.JMeterThread: Thread started: Users 1-84
2026-03-16 13:54:47,611 INFO o.a.j.t.JMeterThread: Thread started: Users 1-85
2026-03-16 13:54:47,710 INFO o.a.j.t.JMeterThread: Thread started: Users 1-86
2026-03-16 13:54:47,810 INFO o.a.j.t.JMeterThread: Thread started: Users 1-87
2026-03-16 13:54:47,910 INFO o.a.j.t.JMeterThread: Thread started: Users 1-88
2026-03-16 13:54:48,010 INFO o.a.j.t.JMeterThread: Thread started: Users 1-89
2026-03-16 13:54:48,111 INFO o.a.j.t.JMeterThread: Thread started: Users 1-90
2026-03-16 13:54:48,211 INFO o.a.j.t.JMeterThread: Thread started: Users 1-91
2026-03-16 13:54:48,311 INFO o.a.j.t.JMeterThread: Thread started: Users 1-92
2026-03-16 13:54:48,411 INFO o.a.j.t.JMeterThread: Thread started: Users 1-93
2026-03-16 13:54:48,511 INFO o.a.j.t.JMeterThread: Thread started: Users 1-94
2026-03-16 13:54:48,612 INFO o.a.j.t.JMeterThread: Thread started: Users 1-95
2026-03-16 13:54:48,711 INFO o.a.j.t.JMeterThread: Thread started: Users 1-96
2026-03-16 13:54:48,810 INFO o.a.j.t.JMeterThread: Thread started: Users 1-97
2026-03-16 13:54:48,911 INFO o.a.j.t.JMeterThread: Thread started: Users 1-98
2026-03-16 13:54:49,011 INFO o.a.j.t.JMeterThread: Thread started: Users 1-99
2026-03-16 13:54:49,117 INFO o.a.j.t.JMeterThread: Thread started: Users 1-100
2026-03-16 13:55:00,002 INFO o.a.j.r.Summariser: summary +  22234 in 00:00:21 = 1068.1/s Avg:    70 Min:     3 Max:   419 Err: 22234 (100.00%) Active: 100 Started: 100 Finished: 0
2026-03-16 13:55:02,964 INFO o.a.j.r.ResultCollector: Shutdown hook started
2026-03-16 13:55:02,965 INFO o.a.j.r.ResultCollector: Shutdown hook ended
