2026-03-16 16:22:47,064 INFO o.a.j.u.JMeterUtils: Setting Locale to en_EN
2026-03-16 16:22:47,084 INFO o.a.j.JMeter: Loading user properties from: /home/bohye/apache-jmeter-5.6.3/bin/user.properties
2026-03-16 16:22:47,084 INFO o.a.j.JMeter: Loading system properties from: /home/bohye/apache-jmeter-5.6.3/bin/system.properties
2026-03-16 16:22:47,089 INFO o.a.j.JMeter: Copyright (c) 1998-2024 The Apache Software Foundation
2026-03-16 16:22:47,089 INFO o.a.j.JMeter: Version 5.6.3
2026-03-16 16:22:47,089 INFO o.a.j.JMeter: java.version=11.0.25
2026-03-16 16:22:47,089 INFO o.a.j.JMeter: java.vm.name=OpenJDK 64-Bit Server VM
2026-03-16 16:22:47,089 INFO o.a.j.JMeter: os.name=Linux
2026-03-16 16:22:47,089 INFO o.a.j.JMeter: os.arch=amd64
2026-03-16 16:22:47,089 INFO o.a.j.JMeter: os.version=5.14.0-611.5.1.el9_7.x86_64
2026-03-16 16:22:47,089 INFO o.a.j.JMeter: file.encoding=UTF-8
2026-03-16 16:22:47,089 INFO o.a.j.JMeter: java.awt.headless=true
2026-03-16 16:22:47,089 INFO o.a.j.JMeter: Max memory     =1073741824
2026-03-16 16:22:47,090 INFO o.a.j.JMeter: Available Processors =2
2026-03-16 16:22:47,096 INFO o.a.j.JMeter: Default Locale=English (EN)
2026-03-16 16:22:47,097 INFO o.a.j.JMeter: JMeter  Locale=English (EN)
2026-03-16 16:22:47,097 INFO o.a.j.JMeter: JMeterHome=/home/bohye/apache-jmeter-5.6.3
2026-03-16 16:22:47,097 INFO o.a.j.JMeter: user.dir  =/home/bohye/ticketing-project/ticketing-was
2026-03-16 16:22:47,097 INFO o.a.j.JMeter: PWD       =/home/bohye/ticketing-project/ticketing-was
2026-03-16 16:22:47,097 INFO o.a.j.JMeter: IP: 127.0.0.1 Name: localhost.localdomain FullName: localhost
2026-03-16 16:22:47,111 INFO o.a.j.s.FileServer: Default base='/home/bohye/ticketing-project/ticketing-was'
2026-03-16 16:22:47,112 INFO o.a.j.s.FileServer: Set new base='/home/bohye'
2026-03-16 16:22:47,384 INFO o.a.j.s.SaveService: Testplan (JMX) version: 2.2. Testlog (JTL) version: 2.2
2026-03-16 16:22:47,414 INFO o.a.j.s.SaveService: Using SaveService properties version 5.0
2026-03-16 16:22:47,418 INFO o.a.j.s.SaveService: Using SaveService properties file encoding UTF-8
2026-03-16 16:22:47,427 INFO o.a.j.s.SaveService: Loading file: /home/bohye/real_queue_test.jmx
2026-03-16 16:22:47,497 INFO o.a.j.p.h.s.HTTPSamplerBase: Parser for text/html is org.apache.jmeter.protocol.http.parser.LagartoBasedHtmlParser
2026-03-16 16:22:47,497 INFO o.a.j.p.h.s.HTTPSamplerBase: Parser for application/xhtml+xml is org.apache.jmeter.protocol.http.parser.LagartoBasedHtmlParser
2026-03-16 16:22:47,497 INFO o.a.j.p.h.s.HTTPSamplerBase: Parser for application/xml is org.apache.jmeter.protocol.http.parser.LagartoBasedHtmlParser
2026-03-16 16:22:47,497 INFO o.a.j.p.h.s.HTTPSamplerBase: Parser for text/xml is org.apache.jmeter.protocol.http.parser.LagartoBasedHtmlParser
2026-03-16 16:22:47,497 INFO o.a.j.p.h.s.HTTPSamplerBase: Parser for text/vnd.wap.wml is org.apache.jmeter.protocol.http.parser.RegexpHTMLParser
2026-03-16 16:22:47,497 INFO o.a.j.p.h.s.HTTPSamplerBase: Parser for text/css is org.apache.jmeter.protocol.http.parser.CssParser
2026-03-16 16:22:47,516 INFO o.a.j.JMeter: Creating summariser <summary>
2026-03-16 16:22:47,542 INFO o.a.j.e.StandardJMeterEngine: Running the test!
2026-03-16 16:22:47,543 INFO o.a.j.s.SampleEvent: List of sample_variables: []
2026-03-16 16:22:47,543 INFO o.a.j.s.SampleEvent: List of sample_variables: []
2026-03-16 16:22:47,570 INFO o.a.j.e.u.CompoundVariable: Note: Function class names must contain the string: '.functions.'
2026-03-16 16:22:47,570 INFO o.a.j.e.u.CompoundVariable: Note: Function class names must not contain the string: '.gui.'
2026-03-16 16:22:48,027 INFO o.a.j.JMeter: Running test (1773645768027)
2026-03-16 16:22:48,068 INFO o.a.j.e.StandardJMeterEngine: Starting ThreadGroup: 1 : Users
2026-03-16 16:22:48,068 INFO o.a.j.e.StandardJMeterEngine: Starting 100 threads for group Users.
2026-03-16 16:22:48,068 INFO o.a.j.e.StandardJMeterEngine: Thread will continue on error
2026-03-16 16:22:48,068 INFO o.a.j.t.ThreadGroup: Starting thread group... number=1 threads=100 ramp-up=10 delayedStart=false
2026-03-16 16:22:48,203 INFO o.a.j.t.ThreadGroup: Started thread group number 1
2026-03-16 16:22:48,203 INFO o.a.j.e.StandardJMeterEngine: All thread groups have been started
2026-03-16 16:22:48,208 INFO o.a.j.t.JMeterThread: Thread started: Users 1-1
2026-03-16 16:22:48,229 INFO o.a.j.p.h.s.HTTPHCAbstractImpl: Local host = localhost.localdomain
2026-03-16 16:22:48,242 INFO o.a.j.p.h.s.HTTPHC4Impl: HTTP request retry count = 0
2026-03-16 16:22:48,244 INFO o.a.j.s.SampleResult: Note: Sample TimeStamps are START times
2026-03-16 16:22:48,244 INFO o.a.j.s.SampleResult: sampleresult.default.encoding is set to UTF-8
2026-03-16 16:22:48,244 INFO o.a.j.s.SampleResult: sampleresult.useNanoTime=true
2026-03-16 16:22:48,244 INFO o.a.j.s.SampleResult: sampleresult.nanoThreadSleep=5000
2026-03-16 16:22:48,290 INFO o.a.j.t.JMeterThread: Thread started: Users 1-2
2026-03-16 16:22:48,368 INFO o.a.j.t.JMeterThread: Thread started: Users 1-3
2026-03-16 16:22:48,464 INFO o.a.j.t.JMeterThread: Thread started: Users 1-4
2026-03-16 16:22:48,562 INFO o.a.j.t.JMeterThread: Thread started: Users 1-5
2026-03-16 16:22:48,660 INFO o.a.j.t.JMeterThread: Thread started: Users 1-6
2026-03-16 16:22:48,759 INFO o.a.j.t.JMeterThread: Thread started: Users 1-7
2026-03-16 16:22:48,858 INFO o.a.j.t.JMeterThread: Thread started: Users 1-8
2026-03-16 16:22:48,957 INFO o.a.j.t.JMeterThread: Thread started: Users 1-9
2026-03-16 16:22:49,057 INFO o.a.j.t.JMeterThread: Thread started: Users 1-10
2026-03-16 16:22:49,156 INFO o.a.j.t.JMeterThread: Thread started: Users 1-11
2026-03-16 16:22:49,254 INFO o.a.j.t.JMeterThread: Thread started: Users 1-12
2026-03-16 16:22:49,352 INFO o.a.j.t.JMeterThread: Thread started: Users 1-13
2026-03-16 16:22:49,451 INFO o.a.j.t.JMeterThread: Thread started: Users 1-14
2026-03-16 16:22:49,549 INFO o.a.j.t.JMeterThread: Thread started: Users 1-15
2026-03-16 16:22:49,649 INFO o.a.j.t.JMeterThread: Thread started: Users 1-16
2026-03-16 16:22:49,747 INFO o.a.j.t.JMeterThread: Thread started: Users 1-17
2026-03-16 16:22:49,846 INFO o.a.j.t.JMeterThread: Thread started: Users 1-18
2026-03-16 16:22:49,945 INFO o.a.j.t.JMeterThread: Thread started: Users 1-19
2026-03-16 16:22:50,043 INFO o.a.j.t.JMeterThread: Thread started: Users 1-20
2026-03-16 16:22:50,144 INFO o.a.j.t.JMeterThread: Thread started: Users 1-21
2026-03-16 16:22:50,242 INFO o.a.j.t.JMeterThread: Thread started: Users 1-22
2026-03-16 16:22:50,342 INFO o.a.j.t.JMeterThread: Thread started: Users 1-23
2026-03-16 16:22:50,441 INFO o.a.j.t.JMeterThread: Thread started: Users 1-24
2026-03-16 16:22:50,539 INFO o.a.j.t.JMeterThread: Thread started: Users 1-25
2026-03-16 16:22:50,638 INFO o.a.j.t.JMeterThread: Thread started: Users 1-26
2026-03-16 16:22:50,736 INFO o.a.j.t.JMeterThread: Thread started: Users 1-27
2026-03-16 16:22:50,838 INFO o.a.j.t.JMeterThread: Thread started: Users 1-28
2026-03-16 16:22:50,931 INFO o.a.j.t.JMeterThread: Thread started: Users 1-29
2026-03-16 16:22:51,030 INFO o.a.j.t.JMeterThread: Thread started: Users 1-30
2026-03-16 16:22:51,130 INFO o.a.j.t.JMeterThread: Thread started: Users 1-31
2026-03-16 16:22:51,228 INFO o.a.j.t.JMeterThread: Thread started: Users 1-32
2026-03-16 16:22:51,327 INFO o.a.j.t.JMeterThread: Thread started: Users 1-33
2026-03-16 16:22:51,427 INFO o.a.j.t.JMeterThread: Thread started: Users 1-34
2026-03-16 16:22:51,526 INFO o.a.j.t.JMeterThread: Thread started: Users 1-35
2026-03-16 16:22:51,625 INFO o.a.j.t.JMeterThread: Thread started: Users 1-36
2026-03-16 16:22:51,726 INFO o.a.j.t.JMeterThread: Thread started: Users 1-37
2026-03-16 16:22:51,825 INFO o.a.j.t.JMeterThread: Thread started: Users 1-38
2026-03-16 16:22:51,926 INFO o.a.j.t.JMeterThread: Thread started: Users 1-39
2026-03-16 16:22:52,023 INFO o.a.j.t.JMeterThread: Thread started: Users 1-40
2026-03-16 16:22:52,122 INFO o.a.j.t.JMeterThread: Thread started: Users 1-41
2026-03-16 16:22:52,221 INFO o.a.j.t.JMeterThread: Thread started: Users 1-42
2026-03-16 16:22:52,320 INFO o.a.j.t.JMeterThread: Thread started: Users 1-43
2026-03-16 16:22:52,419 INFO o.a.j.t.JMeterThread: Thread started: Users 1-44
2026-03-16 16:22:52,519 INFO o.a.j.t.JMeterThread: Thread started: Users 1-45
2026-03-16 16:22:52,618 INFO o.a.j.t.JMeterThread: Thread started: Users 1-46
2026-03-16 16:22:52,716 INFO o.a.j.t.JMeterThread: Thread started: Users 1-47
2026-03-16 16:22:52,815 INFO o.a.j.t.JMeterThread: Thread started: Users 1-48
2026-03-16 16:22:52,915 INFO o.a.j.t.JMeterThread: Thread started: Users 1-49
2026-03-16 16:22:53,014 INFO o.a.j.t.JMeterThread: Thread started: Users 1-50
2026-03-16 16:22:53,113 INFO o.a.j.t.JMeterThread: Thread started: Users 1-51
2026-03-16 16:22:53,209 INFO o.a.j.t.JMeterThread: Thread started: Users 1-52
2026-03-16 16:22:53,307 INFO o.a.j.t.JMeterThread: Thread started: Users 1-53
2026-03-16 16:22:53,414 INFO o.a.j.t.JMeterThread: Thread started: Users 1-54
2026-03-16 16:22:53,507 INFO o.a.j.t.JMeterThread: Thread started: Users 1-55
2026-03-16 16:22:53,607 INFO o.a.j.t.JMeterThread: Thread started: Users 1-56
2026-03-16 16:22:53,706 INFO o.a.j.t.JMeterThread: Thread started: Users 1-57
2026-03-16 16:22:53,806 INFO o.a.j.t.JMeterThread: Thread started: Users 1-58
2026-03-16 16:22:53,905 INFO o.a.j.t.JMeterThread: Thread started: Users 1-59
2026-03-16 16:22:54,006 INFO o.a.j.t.JMeterThread: Thread started: Users 1-60
2026-03-16 16:22:54,103 INFO o.a.j.t.JMeterThread: Thread started: Users 1-61
2026-03-16 16:22:54,202 INFO o.a.j.t.JMeterThread: Thread started: Users 1-62
2026-03-16 16:22:54,300 INFO o.a.j.t.JMeterThread: Thread started: Users 1-63
2026-03-16 16:22:54,400 INFO o.a.j.t.JMeterThread: Thread started: Users 1-64
2026-03-16 16:22:54,497 INFO o.a.j.t.JMeterThread: Thread started: Users 1-65
2026-03-16 16:22:54,596 INFO o.a.j.t.JMeterThread: Thread started: Users 1-66
2026-03-16 16:22:54,698 INFO o.a.j.t.JMeterThread: Thread started: Users 1-67
2026-03-16 16:22:54,795 INFO o.a.j.t.JMeterThread: Thread started: Users 1-68
2026-03-16 16:22:54,898 INFO o.a.j.t.JMeterThread: Thread started: Users 1-69
2026-03-16 16:22:54,995 INFO o.a.j.t.JMeterThread: Thread started: Users 1-70
2026-03-16 16:22:55,096 INFO o.a.j.t.JMeterThread: Thread started: Users 1-71
2026-03-16 16:22:55,194 INFO o.a.j.t.JMeterThread: Thread started: Users 1-72
2026-03-16 16:22:55,396 INFO o.a.j.t.JMeterThread: Thread started: Users 1-74
2026-03-16 16:22:55,296 INFO o.a.j.t.JMeterThread: Thread started: Users 1-73
2026-03-16 16:22:55,492 INFO o.a.j.t.JMeterThread: Thread started: Users 1-75
2026-03-16 16:22:55,591 INFO o.a.j.t.JMeterThread: Thread started: Users 1-76
2026-03-16 16:22:55,694 INFO o.a.j.t.JMeterThread: Thread started: Users 1-77
2026-03-16 16:22:55,791 INFO o.a.j.t.JMeterThread: Thread started: Users 1-78
2026-03-16 16:22:55,890 INFO o.a.j.t.JMeterThread: Thread started: Users 1-79
2026-03-16 16:22:55,980 INFO o.a.j.t.JMeterThread: Thread started: Users 1-80
2026-03-16 16:22:56,078 INFO o.a.j.t.JMeterThread: Thread started: Users 1-81
2026-03-16 16:22:56,261 INFO o.a.j.t.JMeterThread: Thread started: Users 1-82
2026-03-16 16:22:56,278 INFO o.a.j.t.JMeterThread: Thread started: Users 1-83
2026-03-16 16:22:56,377 INFO o.a.j.t.JMeterThread: Thread started: Users 1-84
2026-03-16 16:22:56,477 INFO o.a.j.t.JMeterThread: Thread started: Users 1-85
2026-03-16 16:22:56,577 INFO o.a.j.t.JMeterThread: Thread started: Users 1-86
2026-03-16 16:22:56,676 INFO o.a.j.t.JMeterThread: Thread started: Users 1-87
2026-03-16 16:22:56,776 INFO o.a.j.t.JMeterThread: Thread started: Users 1-88
2026-03-16 16:22:56,876 INFO o.a.j.t.JMeterThread: Thread started: Users 1-89
2026-03-16 16:22:56,976 INFO o.a.j.t.JMeterThread: Thread started: Users 1-90
2026-03-16 16:22:57,075 INFO o.a.j.t.JMeterThread: Thread started: Users 1-91
2026-03-16 16:22:57,175 INFO o.a.j.t.JMeterThread: Thread started: Users 1-92
2026-03-16 16:22:57,273 INFO o.a.j.t.JMeterThread: Thread started: Users 1-93
2026-03-16 16:22:57,373 INFO o.a.j.t.JMeterThread: Thread started: Users 1-94
2026-03-16 16:22:57,473 INFO o.a.j.t.JMeterThread: Thread started: Users 1-95
2026-03-16 16:22:57,574 INFO o.a.j.t.JMeterThread: Thread started: Users 1-96
2026-03-16 16:22:57,677 INFO o.a.j.t.JMeterThread: Thread started: Users 1-97
2026-03-16 16:22:57,772 INFO o.a.j.t.JMeterThread: Thread started: Users 1-98
2026-03-16 16:22:57,873 INFO o.a.j.t.JMeterThread: Thread started: Users 1-99
2026-03-16 16:22:57,971 INFO o.a.j.t.JMeterThread: Thread started: Users 1-100
2026-03-16 16:23:00,001 INFO o.a.j.r.Summariser: summary +  25610 in 00:00:12 = 2139.0/s Avg:    25 Min:     1 Max:   339 Err: 25610 (100.00%) Active: 100 Started: 100 Finished: 0
2026-03-16 16:23:03,049 INFO o.a.j.r.ResultCollector: Shutdown hook started
2026-03-16 16:23:03,050 INFO o.a.j.r.ResultCollector: Shutdown hook ended
